#
# There is insufficient memory for the Java Runtime Environment to continue.
# Native memory allocation (malloc) failed to allocate 1109296 bytes. Error detail: Chunk::new
# Possible reasons:
#   The system is out of physical RAM or swap space
#   This process is running with CompressedOops enabled, and the Java Heap may be blocking the growth of the native heap
# Possible solutions:
#   Reduce memory load on the system
#   Increase physical memory or swap space
#   Check if swap backing store is full
#   Decrease Java heap size (-Xmx/-Xms)
#   Decrease number of Java threads
#   Decrease Java thread stack sizes (-Xss)
#   Set larger code cache with -XX:ReservedCodeCacheSize=
#   JVM is running with Unscaled Compressed Oops mode in which the Java heap is
#     placed in the first 4GB address space. The Java Heap base address is the
#     maximum limit for the native heap growth. Please use -XX:HeapBaseMinAddress
#     to set the Java Heap base and to place the Java Heap above 4GB virtual address.
# This output file may be truncated or incomplete.
#
#  Out of Memory Error (arena.cpp:168), pid=155768, tid=182864
#
# JRE version: OpenJDK Runtime Environment Temurin-21.0.8+9 (21.0.8+9) (build 21.0.8+9-LTS)
# Java VM: OpenJDK 64-Bit Server VM Temurin-21.0.8+9 (21.0.8+9-LTS, mixed mode, sharing, tiered, compressed oops, compressed class ptrs, parallel gc, windows-amd64)
# No core dump will be written. Minidumps are not enabled by default on client versions of Windows
#

---------------  S U M M A R Y ------------

Command Line: --add-modules=ALL-SYSTEM --add-opens=java.base/java.util=ALL-UNNAMED --add-opens=java.base/java.lang=ALL-UNNAMED --add-opens=java.base/sun.nio.fs=ALL-UNNAMED -Declipse.application=org.eclipse.jdt.ls.core.id1 -Dosgi.bundles.defaultStartLevel=4 -Declipse.product=org.eclipse.jdt.ls.core.product -Djava.import.generatesMetadataFilesAtProjectRoot=false -DDetectVMInstallationsJob.disabled=true -Dfile.encoding=utf8 -XX:+UseParallelGC -XX:GCTimeRatio=4 -XX:AdaptiveSizePolicyWeight=90 -Dsun.zip.disableMemoryMapping=true -Xmx2G -Xms100m -Xlog:disable -javaagent:c:\Users\Leila\.vscode\extensions\redhat.java-1.45.0-win32-x64\lombok\lombok-1.18.39-4050.jar c:\Users\Leila\.vscode\extensions\redhat.java-1.45.0-win32-x64\server\plugins\org.eclipse.equinox.launcher_1.7.0.v20250519-0528.jar -configuration c:\Users\Leila\AppData\Roaming\Code\User\globalStorage\redhat.java\1.45.0\config_ss_win -data c:\Users\Leila\AppData\Roaming\Code\User\workspaceStorage\36d81dcf80ebafe64fa396641b16bef4\redhat.java\ss_ws --pipe=\\.\pipe\lsp-f15777bec1e203f449a904a5addaabb3-sock

Host: Intel(R) Core(TM) i3-10110U CPU @ 2.10GHz, 4 cores, 15G,  Windows 11 , 64 bit Build 26100 (10.0.26100.4768)
Time: Tue Sep 23 20:28:52 2025 Hora oficial do Brasil elapsed time: 8.290982 seconds (0d 0h 0m 8s)

---------------  T H R E A D  ---------------

Current thread (0x000001a86c55c930):  JavaThread "C2 CompilerThread0" daemon [_thread_in_native, id=182864, stack(0x000000709c000000,0x000000709c100000) (1024K)]


Current CompileTask:
C2:8291 2579       4       org.lombokweb.asm.ClassReader::readMethod (1070 bytes)

Stack: [0x000000709c000000,0x000000709c100000]
Native frames: (J=compiled Java code, j=interpreted, Vv=VM code, C=native code)
V  [jvm.dll+0x6d2449]
V  [jvm.dll+0x8ae341]
V  [jvm.dll+0x8b08be]
V  [jvm.dll+0x8b0fa3]
V  [jvm.dll+0x280c96]
V  [jvm.dll+0xc581d]
V  [jvm.dll+0xc5d53]
V  [jvm.dll+0x3b9162]
V  [jvm.dll+0x385315]
V  [jvm.dll+0x38477a]
V  [jvm.dll+0x248ed0]
V  [jvm.dll+0x2484af]
V  [jvm.dll+0x1c89ee]
V  [jvm.dll+0x257d4d]
V  [jvm.dll+0x2562ea]
V  [jvm.dll+0x3f2d16]
V  [jvm.dll+0x857e6b]
V  [jvm.dll+0x6d0b0d]
C  [ucrtbase.dll+0x37b0]
C  [KERNEL32.DLL+0x2e8d7]
C  [ntdll.dll+0x3c34c]


---------------  P R O C E S S  ---------------

Threads class SMR info:
_java_thread_list=0x000001a849782b90, length=21, elements={
0x000001a86a291010, 0x000001a86c6fa0d0, 0x000001a86c6fd1f0, 0x000001a86c554c20,
0x000001a86c553870, 0x000001a86c5531e0, 0x000001a86c552b50, 0x000001a86c55c930,
0x000001a86c5965e0, 0x000001a86c553f00, 0x000001a86c5552b0, 0x000001a86c555940,
0x000001a86c555fd0, 0x000001a86c554590, 0x000001a8493d5c80, 0x000001a8493d4f60,
0x000001a8493d6310, 0x000001a8493d69a0, 0x000001a8493d7030, 0x000001a84a661010,
0x000001a8493d76c0
}

Java Threads: ( => current thread )
  0x000001a86a291010 JavaThread "main"                              [_thread_blocked, id=13192, stack(0x000000709b600000,0x000000709b700000) (1024K)]
  0x000001a86c6fa0d0 JavaThread "Reference Handler"          daemon [_thread_blocked, id=104704, stack(0x000000709ba00000,0x000000709bb00000) (1024K)]
  0x000001a86c6fd1f0 JavaThread "Finalizer"                  daemon [_thread_blocked, id=92260, stack(0x000000709bb00000,0x000000709bc00000) (1024K)]
  0x000001a86c554c20 JavaThread "Signal Dispatcher"          daemon [_thread_blocked, id=72736, stack(0x000000709bc00000,0x000000709bd00000) (1024K)]
  0x000001a86c553870 JavaThread "Attach Listener"            daemon [_thread_blocked, id=136400, stack(0x000000709bd00000,0x000000709be00000) (1024K)]
  0x000001a86c5531e0 JavaThread "Service Thread"             daemon [_thread_blocked, id=147412, stack(0x000000709be00000,0x000000709bf00000) (1024K)]
  0x000001a86c552b50 JavaThread "Monitor Deflation Thread"   daemon [_thread_blocked, id=167072, stack(0x000000709bf00000,0x000000709c000000) (1024K)]
=>0x000001a86c55c930 JavaThread "C2 CompilerThread0"         daemon [_thread_in_native, id=182864, stack(0x000000709c000000,0x000000709c100000) (1024K)]
  0x000001a86c5965e0 JavaThread "C1 CompilerThread0"         daemon [_thread_blocked, id=74408, stack(0x000000709c100000,0x000000709c200000) (1024K)]
  0x000001a86c553f00 JavaThread "Common-Cleaner"             daemon [_thread_blocked, id=115524, stack(0x000000709c200000,0x000000709c300000) (1024K)]
  0x000001a86c5552b0 JavaThread "Notification Thread"        daemon [_thread_blocked, id=45048, stack(0x000000709c400000,0x000000709c500000) (1024K)]
  0x000001a86c555940 JavaThread "Active Thread: Equinox Container: c582d8ba-398e-4a09-95a9-6dda313fb057"        [_thread_blocked, id=166180, stack(0x000000709c800000,0x000000709c900000) (1024K)]
  0x000001a86c555fd0 JavaThread "Framework Event Dispatcher: Equinox Container: c582d8ba-398e-4a09-95a9-6dda313fb057" daemon [_thread_blocked, id=193228, stack(0x000000709c900000,0x000000709ca00000) (1024K)]
  0x000001a86c554590 JavaThread "Start Level: Equinox Container: c582d8ba-398e-4a09-95a9-6dda313fb057" daemon [_thread_blocked, id=47784, stack(0x000000709ca00000,0x000000709cb00000) (1024K)]
  0x000001a8493d5c80 JavaThread "SCR Component Actor"        daemon [_thread_blocked, id=190216, stack(0x000000709cb00000,0x000000709cc00000) (1024K)]
  0x000001a8493d4f60 JavaThread "SCR Component Registry"     daemon [_thread_blocked, id=150484, stack(0x000000709c300000,0x000000709c400000) (1024K)]
  0x000001a8493d6310 JavaThread "Worker-JM"                         [_thread_blocked, id=200344, stack(0x000000709cd00000,0x000000709ce00000) (1024K)]
  0x000001a8493d69a0 JavaThread "Worker-0"                          [_thread_blocked, id=28340, stack(0x000000709ce00000,0x000000709cf00000) (1024K)]
  0x000001a8493d7030 JavaThread "Worker-1"                          [_thread_blocked, id=57844, stack(0x000000709cf00000,0x000000709d000000) (1024K)]
  0x000001a84a661010 JavaThread "C2 CompilerThread1"         daemon [_thread_in_native, id=133512, stack(0x000000709cc00000,0x000000709cd00000) (1024K)]
  0x000001a8493d76c0 JavaThread "Java indexing"              daemon [_thread_blocked, id=54660, stack(0x000000709d000000,0x000000709d100000) (1024K)]
Total: 21

Other Threads:
  0x000001a86c5508b0 VMThread "VM Thread"                           [id=155840, stack(0x000000709b900000,0x000000709ba00000) (1024K)]
  0x000001a86c6cd290 WatcherThread "VM Periodic Task Thread"        [id=171472, stack(0x000000709b800000,0x000000709b900000) (1024K)]
  0x000001a86c67f3e0 WorkerThread "GC Thread#0"                     [id=184716, stack(0x000000709b700000,0x000000709b800000) (1024K)]
  0x000001a8495ca220 WorkerThread "GC Thread#1"                     [id=164032, stack(0x000000709c500000,0x000000709c600000) (1024K)]
  0x000001a8495ca5c0 WorkerThread "GC Thread#2"                     [id=190956, stack(0x000000709c600000,0x000000709c700000) (1024K)]
  0x000001a8495ca960 WorkerThread "GC Thread#3"                     [id=137684, stack(0x000000709c700000,0x000000709c800000) (1024K)]
Total: 6

Threads with active compile tasks:
C2 CompilerThread0  8390 2579       4       org.lombokweb.asm.ClassReader::readMethod (1070 bytes)
C2 CompilerThread1  8390 2650       4       lombok.patcher.PatchScript$MethodPatcher::visitMethod (158 bytes)
Total: 2

VM state: at safepoint (normal execution)

VM Mutex/Monitor currently owned by a thread:  ([mutex/lock_event])
[0x00007fff6c535458] Threads_lock - owner thread: 0x000001a86c5508b0
[0x00007fff6c535558] Heap_lock - owner thread: 0x000001a86c554590

Heap address: 0x0000000080000000, size: 2048 MB, Compressed Oops mode: 32-bit

CDS archive(s) mapped at: [0x000001a804000000-0x000001a804ba0000-0x000001a804ba0000), size 12189696, SharedBaseAddress: 0x000001a804000000, ArchiveRelocationMode: 1.
Compressed class space mapped at: 0x000001a805000000-0x000001a845000000, reserved size: 1073741824
Narrow klass base: 0x000001a804000000, Narrow klass shift: 0, Narrow klass range: 0x100000000

GC Precious Log:
 CardTable entry size: 512
 CPUs: 4 total, 4 available
 Memory: 16198M
 Large Page Support: Disabled
 NUMA Support: Disabled
 Compressed Oops: Enabled (32-bit)
 Alignments: Space 512K, Generation 512K, Heap 2M
 Heap Min Capacity: 100M
 Heap Initial Capacity: 100M
 Heap Max Capacity: 2G
 Pre-touch: Disabled
 Parallel Workers: 4

Heap:
 PSYoungGen      total 29184K, used 23729K [0x00000000d5580000, 0x00000000d7900000, 0x0000000100000000)
  eden space 25088K, 78% used [0x00000000d5580000,0x00000000d68b0d50,0x00000000d6e00000)
  from space 4096K, 99% used [0x00000000d6e80000,0x00000000d727b8c0,0x00000000d7280000)
  to   space 5632K, 37% used [0x00000000d7380000,0x00000000d75904e0,0x00000000d7900000)
 ParOldGen       total 68608K, used 5915K [0x0000000080000000, 0x0000000084300000, 0x00000000d5580000)
  object space 68608K, 8% used [0x0000000080000000,0x00000000805c6f98,0x0000000084300000)
 Metaspace       used 20954K, committed 21504K, reserved 1114112K
  class space    used 2017K, committed 2304K, reserved 1048576K

Card table byte_map: [0x000001a86bfe0000,0x000001a86c3f0000] _byte_map_base: 0x000001a86bbe0000

Marking Bits: (ParMarkBitMap*) 0x00007fff6c53a340
 Begin Bits: [0x000001a800000000, 0x000001a802000000)
 End Bits:   [0x000001a802000000, 0x000001a804000000)

Polling page: 0x000001a86a230000

Metaspace:

Usage:
  Non-class:     18.49 MB used.
      Class:      1.97 MB used.
       Both:     20.46 MB used.

Virtual space:
  Non-class space:       64.00 MB reserved,      18.75 MB ( 29%) committed,  1 nodes.
      Class space:        1.00 GB reserved,       2.25 MB ( <1%) committed,  1 nodes.
             Both:        1.06 GB reserved,      21.00 MB (  2%) committed. 

Chunk freelists:
   Non-Class:  12.44 MB
       Class:  13.69 MB
        Both:  26.13 MB

MaxMetaspaceSize: unlimited
CompressedClassSpaceSize: 1.00 GB
Initial GC threshold: 21.00 MB
Current GC threshold: 21.00 MB
CDS: on
 - commit_granule_bytes: 65536.
 - commit_granule_words: 8192.
 - virtual_space_node_default_size: 8388608.
 - enlarge_chunks_in_place: 1.
 - use_allocation_guard: 0.


Internal statistics:

num_allocs_failed_limit: 3.
num_arena_births: 462.
num_arena_deaths: 0.
num_vsnodes_births: 2.
num_vsnodes_deaths: 0.
num_space_committed: 336.
num_space_uncommitted: 0.
num_chunks_returned_to_freelist: 3.
num_chunks_taken_from_freelist: 1247.
num_chunk_merges: 3.
num_chunk_splits: 811.
num_chunks_enlarged: 528.
num_inconsistent_stats: 0.

CodeHeap 'non-profiled nmethods': size=120000Kb used=1115Kb max_used=1115Kb free=118884Kb
 bounds [0x000001a877300000, 0x000001a877570000, 0x000001a87e830000]
CodeHeap 'profiled nmethods': size=120000Kb used=5424Kb max_used=5424Kb free=114575Kb
 bounds [0x000001a86f830000, 0x000001a86fd80000, 0x000001a876d60000]
CodeHeap 'non-nmethods': size=5760Kb used=1307Kb max_used=1324Kb free=4453Kb
 bounds [0x000001a876d60000, 0x000001a876fd0000, 0x000001a877300000]
CodeCache: size=245760Kb, used=7846Kb, max_used=7863Kb, free=237912Kb
 total_blobs=3285, nmethods=2700, adapters=491, full_count=0
Compilation: enabled, stopped_count=0, restarted_count=0

Compilation events (20 events):
Event: 6.204 Thread 0x000001a86c5965e0 2664       3       org.eclipse.osgi.internal.hookregistry.ClassLoaderHook::preFindLocalResource (1 bytes)
Event: 6.205 Thread 0x000001a86c5965e0 nmethod 2664 0x000001a86fd5fb10 code [0x000001a86fd5fca0, 0x000001a86fd5fda8]
Event: 6.205 Thread 0x000001a86c5965e0 2665       3       org.eclipse.osgi.internal.hookregistry.ClassLoaderHook::postFindLocalResource (1 bytes)
Event: 6.205 Thread 0x000001a86c5965e0 nmethod 2665 0x000001a86fd5fe10 code [0x000001a86fd5ffa0, 0x000001a86fd600a8]
Event: 6.222 Thread 0x000001a86c5965e0 2667       3       java.io.File::getCanonicalPath (31 bytes)
Event: 6.223 Thread 0x000001a86c5965e0 nmethod 2667 0x000001a86fd60190 code [0x000001a86fd60380, 0x000001a86fd60658]
Event: 6.223 Thread 0x000001a86c5965e0 2668   !   3       java.io.WinNTFileSystem::canonicalize (199 bytes)
Event: 6.226 Thread 0x000001a86c5965e0 nmethod 2668 0x000001a86fd60790 code [0x000001a86fd60d80, 0x000001a86fd63e68]
Event: 6.227 Thread 0x000001a86c5965e0 2669       3       java.net.URL::toString (5 bytes)
Event: 6.227 Thread 0x000001a86c5965e0 nmethod 2669 0x000001a86fd64f90 code [0x000001a86fd65140, 0x000001a86fd65380]
Event: 6.465 Thread 0x000001a86c5965e0 2670       3       java.lang.Thread::onSpinWait (1 bytes)
Event: 6.465 Thread 0x000001a86c5965e0 nmethod 2670 0x000001a86fd65490 code [0x000001a86fd65620, 0x000001a86fd65708]
Event: 6.477 Thread 0x000001a86c5965e0 2671       1       java.util.concurrent.atomic.AtomicLong::get (5 bytes)
Event: 6.478 Thread 0x000001a86c5965e0 nmethod 2671 0x000001a877416490 code [0x000001a877416620, 0x000001a8774166f0]
Event: 7.273 Thread 0x000001a86c5965e0 2672       3       java.net.URI$Parser::checkChar (14 bytes)
Event: 7.274 Thread 0x000001a86c5965e0 nmethod 2672 0x000001a86fd65790 code [0x000001a86fd65940, 0x000001a86fd65a98]
Event: 7.287 Thread 0x000001a86c5965e0 2673       3       java.net.URI::toURL (6 bytes)
Event: 7.287 Thread 0x000001a86c5965e0 nmethod 2673 0x000001a86fd65b90 code [0x000001a86fd65d40, 0x000001a86fd65e88]
Event: 7.735 Thread 0x000001a86c5965e0 2674       3       java.lang.Thread::isVirtual (5 bytes)
Event: 7.735 Thread 0x000001a86c5965e0 nmethod 2674 0x000001a86fd65f10 code [0x000001a86fd660c0, 0x000001a86fd662c8]

GC Heap History (10 events):
Event: 1.151 GC heap before
{Heap before GC invocations=1 (full 0):
 PSYoungGen      total 29696K, used 25600K [0x00000000d5580000, 0x00000000d7680000, 0x0000000100000000)
  eden space 25600K, 100% used [0x00000000d5580000,0x00000000d6e80000,0x00000000d6e80000)
  from space 4096K, 0% used [0x00000000d7280000,0x00000000d7280000,0x00000000d7680000)
  to   space 4096K, 0% used [0x00000000d6e80000,0x00000000d6e80000,0x00000000d7280000)
 ParOldGen       total 68608K, used 0K [0x0000000080000000, 0x0000000084300000, 0x00000000d5580000)
  object space 68608K, 0% used [0x0000000080000000,0x0000000080000000,0x0000000084300000)
 Metaspace       used 4327K, committed 4608K, reserved 1114112K
  class space    used 471K, committed 576K, reserved 1048576K
}
Event: 1.161 GC heap after
{Heap after GC invocations=1 (full 0):
 PSYoungGen      total 29696K, used 3335K [0x00000000d5580000, 0x00000000d7680000, 0x0000000100000000)
  eden space 25600K, 0% used [0x00000000d5580000,0x00000000d5580000,0x00000000d6e80000)
  from space 4096K, 81% used [0x00000000d6e80000,0x00000000d71c1e18,0x00000000d7280000)
  to   space 4096K, 0% used [0x00000000d7280000,0x00000000d7280000,0x00000000d7680000)
 ParOldGen       total 68608K, used 0K [0x0000000080000000, 0x0000000084300000, 0x00000000d5580000)
  object space 68608K, 0% used [0x0000000080000000,0x0000000080000000,0x0000000084300000)
 Metaspace       used 4327K, committed 4608K, reserved 1114112K
  class space    used 471K, committed 576K, reserved 1048576K
}
Event: 2.173 GC heap before
{Heap before GC invocations=2 (full 0):
 PSYoungGen      total 29696K, used 28935K [0x00000000d5580000, 0x00000000d7680000, 0x0000000100000000)
  eden space 25600K, 100% used [0x00000000d5580000,0x00000000d6e80000,0x00000000d6e80000)
  from space 4096K, 81% used [0x00000000d6e80000,0x00000000d71c1e18,0x00000000d7280000)
  to   space 4096K, 0% used [0x00000000d7280000,0x00000000d7280000,0x00000000d7680000)
 ParOldGen       total 68608K, used 0K [0x0000000080000000, 0x0000000084300000, 0x00000000d5580000)
  object space 68608K, 0% used [0x0000000080000000,0x0000000080000000,0x0000000084300000)
 Metaspace       used 8175K, committed 8448K, reserved 1114112K
  class space    used 873K, committed 1024K, reserved 1048576K
}
Event: 2.178 GC heap after
{Heap after GC invocations=2 (full 0):
 PSYoungGen      total 29696K, used 4069K [0x00000000d5580000, 0x00000000d7680000, 0x0000000100000000)
  eden space 25600K, 0% used [0x00000000d5580000,0x00000000d5580000,0x00000000d6e80000)
  from space 4096K, 99% used [0x00000000d7280000,0x00000000d7679780,0x00000000d7680000)
  to   space 4096K, 0% used [0x00000000d6e80000,0x00000000d6e80000,0x00000000d7280000)
 ParOldGen       total 68608K, used 953K [0x0000000080000000, 0x0000000084300000, 0x00000000d5580000)
  object space 68608K, 1% used [0x0000000080000000,0x00000000800ee698,0x0000000084300000)
 Metaspace       used 8175K, committed 8448K, reserved 1114112K
  class space    used 873K, committed 1024K, reserved 1048576K
}
Event: 5.095 GC heap before
{Heap before GC invocations=3 (full 0):
 PSYoungGen      total 29696K, used 29669K [0x00000000d5580000, 0x00000000d7680000, 0x0000000100000000)
  eden space 25600K, 100% used [0x00000000d5580000,0x00000000d6e80000,0x00000000d6e80000)
  from space 4096K, 99% used [0x00000000d7280000,0x00000000d7679780,0x00000000d7680000)
  to   space 4096K, 0% used [0x00000000d6e80000,0x00000000d6e80000,0x00000000d7280000)
 ParOldGen       total 68608K, used 953K [0x0000000080000000, 0x0000000084300000, 0x00000000d5580000)
  object space 68608K, 1% used [0x0000000080000000,0x00000000800ee698,0x0000000084300000)
 Metaspace       used 12964K, committed 13504K, reserved 1114112K
  class space    used 1373K, committed 1600K, reserved 1048576K
}
Event: 5.100 GC heap after
{Heap after GC invocations=3 (full 0):
 PSYoungGen      total 29696K, used 4085K [0x00000000d5580000, 0x00000000d7680000, 0x0000000100000000)
  eden space 25600K, 0% used [0x00000000d5580000,0x00000000d5580000,0x00000000d6e80000)
  from space 4096K, 99% used [0x00000000d6e80000,0x00000000d727d6d0,0x00000000d7280000)
  to   space 4096K, 0% used [0x00000000d7280000,0x00000000d7280000,0x00000000d7680000)
 ParOldGen       total 68608K, used 2716K [0x0000000080000000, 0x0000000084300000, 0x00000000d5580000)
  object space 68608K, 3% used [0x0000000080000000,0x00000000802a70f8,0x0000000084300000)
 Metaspace       used 12964K, committed 13504K, reserved 1114112K
  class space    used 1373K, committed 1600K, reserved 1048576K
}
Event: 5.561 GC heap before
{Heap before GC invocations=4 (full 0):
 PSYoungGen      total 29696K, used 29685K [0x00000000d5580000, 0x00000000d7680000, 0x0000000100000000)
  eden space 25600K, 100% used [0x00000000d5580000,0x00000000d6e80000,0x00000000d6e80000)
  from space 4096K, 99% used [0x00000000d6e80000,0x00000000d727d6d0,0x00000000d7280000)
  to   space 4096K, 0% used [0x00000000d7280000,0x00000000d7280000,0x00000000d7680000)
 ParOldGen       total 68608K, used 2716K [0x0000000080000000, 0x0000000084300000, 0x00000000d5580000)
  object space 68608K, 3% used [0x0000000080000000,0x00000000802a70f8,0x0000000084300000)
 Metaspace       used 15994K, committed 16640K, reserved 1114112K
  class space    used 1666K, committed 1984K, reserved 1048576K
}
Event: 5.567 GC heap after
{Heap after GC invocations=4 (full 0):
 PSYoungGen      total 29696K, used 4088K [0x00000000d5580000, 0x00000000d7680000, 0x0000000100000000)
  eden space 25600K, 0% used [0x00000000d5580000,0x00000000d5580000,0x00000000d6e80000)
  from space 4096K, 99% used [0x00000000d7280000,0x00000000d767e008,0x00000000d7680000)
  to   space 4096K, 0% used [0x00000000d6e80000,0x00000000d6e80000,0x00000000d7280000)
 ParOldGen       total 68608K, used 5238K [0x0000000080000000, 0x0000000084300000, 0x00000000d5580000)
  object space 68608K, 7% used [0x0000000080000000,0x000000008051d9e8,0x0000000084300000)
 Metaspace       used 15994K, committed 16640K, reserved 1114112K
  class space    used 1666K, committed 1984K, reserved 1048576K
}
Event: 6.015 GC heap before
{Heap before GC invocations=5 (full 0):
 PSYoungGen      total 29696K, used 29550K [0x00000000d5580000, 0x00000000d7680000, 0x0000000100000000)
  eden space 25600K, 99% used [0x00000000d5580000,0x00000000d6e5da68,0x00000000d6e80000)
  from space 4096K, 99% used [0x00000000d7280000,0x00000000d767e008,0x00000000d7680000)
  to   space 4096K, 0% used [0x00000000d6e80000,0x00000000d6e80000,0x00000000d7280000)
 ParOldGen       total 68608K, used 5238K [0x0000000080000000, 0x0000000084300000, 0x00000000d5580000)
  object space 68608K, 7% used [0x0000000080000000,0x000000008051d9e8,0x0000000084300000)
 Metaspace       used 20184K, committed 20864K, reserved 1114112K
  class space    used 1973K, committed 2304K, reserved 1048576K
}
Event: 6.019 GC heap after
{Heap after GC invocations=5 (full 0):
 PSYoungGen      total 29184K, used 4078K [0x00000000d5580000, 0x00000000d7900000, 0x0000000100000000)
  eden space 25088K, 0% used [0x00000000d5580000,0x00000000d5580000,0x00000000d6e00000)
  from space 4096K, 99% used [0x00000000d6e80000,0x00000000d727b8c0,0x00000000d7280000)
  to   space 5632K, 0% used [0x00000000d7380000,0x00000000d7380000,0x00000000d7900000)
 ParOldGen       total 68608K, used 5915K [0x0000000080000000, 0x0000000084300000, 0x00000000d5580000)
  object space 68608K, 8% used [0x0000000080000000,0x00000000805c6f98,0x0000000084300000)
 Metaspace       used 20184K, committed 20864K, reserved 1114112K
  class space    used 1973K, committed 2304K, reserved 1048576K
}

Dll operation events (11 events):
Event: 0.026 Loaded shared library c:\Users\Leila\.vscode\extensions\redhat.java-1.45.0-win32-x64\jre\21.0.8-win32-x86_64\bin\java.dll
Event: 0.132 Loaded shared library c:\Users\Leila\.vscode\extensions\redhat.java-1.45.0-win32-x64\jre\21.0.8-win32-x86_64\bin\zip.dll
Event: 0.174 Loaded shared library C:\Users\Leila\.vscode\extensions\redhat.java-1.45.0-win32-x64\jre\21.0.8-win32-x86_64\bin\instrument.dll
Event: 0.181 Loaded shared library C:\Users\Leila\.vscode\extensions\redhat.java-1.45.0-win32-x64\jre\21.0.8-win32-x86_64\bin\net.dll
Event: 0.185 Loaded shared library C:\Users\Leila\.vscode\extensions\redhat.java-1.45.0-win32-x64\jre\21.0.8-win32-x86_64\bin\nio.dll
Event: 0.192 Loaded shared library C:\Users\Leila\.vscode\extensions\redhat.java-1.45.0-win32-x64\jre\21.0.8-win32-x86_64\bin\zip.dll
Event: 0.217 Loaded shared library C:\Users\Leila\.vscode\extensions\redhat.java-1.45.0-win32-x64\jre\21.0.8-win32-x86_64\bin\jimage.dll
Event: 0.321 Loaded shared library c:\Users\Leila\.vscode\extensions\redhat.java-1.45.0-win32-x64\jre\21.0.8-win32-x86_64\bin\verify.dll
Event: 2.125 Loaded shared library C:\Users\Leila\AppData\Roaming\Code\User\globalStorage\redhat.java\1.45.0\config_ss_win\org.eclipse.equinox.launcher\org.eclipse.equinox.launcher.win32.win32.x86_64_1.2.1400.v20250801-0854\eclipse_11916.dll
Event: 5.156 Loaded shared library C:\Users\Leila\.vscode\extensions\redhat.java-1.45.0-win32-x64\jre\21.0.8-win32-x86_64\bin\management.dll
Event: 5.161 Loaded shared library C:\Users\Leila\.vscode\extensions\redhat.java-1.45.0-win32-x64\jre\21.0.8-win32-x86_64\bin\management_ext.dll

Deoptimization events (20 events):
Event: 5.434 Thread 0x000001a86c554590 DEOPT PACKING pc=0x000001a8773f5120 sp=0x000000709caf3270
Event: 5.434 Thread 0x000001a86c554590 DEOPT UNPACKING pc=0x000001a876db3aa2 sp=0x000000709caf3240 mode 2
Event: 5.434 Thread 0x000001a86c554590 Uncommon trap: trap_request=0xffffffde fr.pc=0x000001a8773f4044 relative=0x00000000000003e4
Event: 5.434 Thread 0x000001a86c554590 Uncommon trap: reason=class_check action=maybe_recompile pc=0x000001a8773f4044 method=java.util.regex.Pattern$BmpCharPropertyGreedy.match(Ljava/util/regex/Matcher;ILjava/lang/CharSequence;)Z @ 70 c2
Event: 5.434 Thread 0x000001a86c554590 DEOPT PACKING pc=0x000001a8773f4044 sp=0x000000709caf2ed0
Event: 5.434 Thread 0x000001a86c554590 DEOPT UNPACKING pc=0x000001a876db3aa2 sp=0x000000709caf2e78 mode 2
Event: 5.434 Thread 0x000001a86c554590 Uncommon trap: trap_request=0xffffffde fr.pc=0x000001a8773f4044 relative=0x00000000000003e4
Event: 5.434 Thread 0x000001a86c554590 Uncommon trap: reason=class_check action=maybe_recompile pc=0x000001a8773f4044 method=java.util.regex.Pattern$BmpCharPropertyGreedy.match(Ljava/util/regex/Matcher;ILjava/lang/CharSequence;)Z @ 70 c2
Event: 5.434 Thread 0x000001a86c554590 DEOPT PACKING pc=0x000001a8773f4044 sp=0x000000709caf2d20
Event: 5.434 Thread 0x000001a86c554590 DEOPT UNPACKING pc=0x000001a876db3aa2 sp=0x000000709caf2cc8 mode 2
Event: 5.879 Thread 0x000001a86c554590 Uncommon trap: trap_request=0xffffff45 fr.pc=0x000001a877410104 relative=0x0000000000000164
Event: 5.879 Thread 0x000001a86c554590 Uncommon trap: reason=unstable_if action=reinterpret pc=0x000001a877410104 method=org.lombokweb.asm.ByteVector.putByteArray([BII)Lorg/lombokweb/asm/ByteVector; @ 20 c2
Event: 5.879 Thread 0x000001a86c554590 DEOPT PACKING pc=0x000001a877410104 sp=0x000000709caf2400
Event: 5.879 Thread 0x000001a86c554590 DEOPT UNPACKING pc=0x000001a876db3aa2 sp=0x000000709caf23d0 mode 2
Event: 5.879 Thread 0x000001a86c554590 Uncommon trap: trap_request=0xffffff45 fr.pc=0x000001a87740f050 relative=0x0000000000000390
Event: 5.879 Thread 0x000001a86c554590 Uncommon trap: reason=unstable_if action=reinterpret pc=0x000001a87740f050 method=org.lombokweb.asm.Label.resolve([BLorg/lombokweb/asm/ByteVector;I)Z @ 81 c2
Event: 5.879 Thread 0x000001a86c554590 DEOPT PACKING pc=0x000001a87740f050 sp=0x000000709caf2490
Event: 5.879 Thread 0x000001a86c554590 DEOPT UNPACKING pc=0x000001a876db3aa2 sp=0x000000709caf2398 mode 2
Event: 6.125 Thread 0x000001a86c554590 DEOPT PACKING pc=0x000001a86f8e9039 sp=0x000000709caf7b00
Event: 6.125 Thread 0x000001a86c554590 DEOPT UNPACKING pc=0x000001a876db4242 sp=0x000000709caf7000 mode 0

Classes loaded (20 events):
Event: 5.427 Loading class java/util/zip/GZIPInputStream
Event: 5.427 Loading class java/util/zip/GZIPInputStream done
Event: 5.458 Loading class java/io/StringReader
Event: 5.458 Loading class java/io/StringReader done
Event: 5.462 Loading class java/net/SocketTimeoutException
Event: 5.462 Loading class java/io/InterruptedIOException
Event: 5.462 Loading class java/io/InterruptedIOException done
Event: 5.462 Loading class java/net/SocketTimeoutException done
Event: 5.463 Loading class java/net/SocketException
Event: 5.463 Loading class java/net/SocketException done
Event: 5.463 Loading class java/net/UnknownHostException
Event: 5.463 Loading class java/net/UnknownHostException done
Event: 5.463 Loading class java/net/ProtocolException
Event: 5.463 Loading class java/net/ProtocolException done
Event: 5.490 Loading class java/lang/ThreadLocal$SuppliedThreadLocal
Event: 5.490 Loading class java/lang/ThreadLocal$SuppliedThreadLocal done
Event: 5.503 Loading class java/io/FileWriter
Event: 5.503 Loading class java/io/FileWriter done
Event: 5.589 Loading class java/lang/NegativeArraySizeException
Event: 5.589 Loading class java/lang/NegativeArraySizeException done

Classes unloaded (0 events):
No events

Classes redefined (0 events):
No events

Internal exceptions (20 events):
Event: 5.303 Thread 0x000001a86c554590 Exception <a 'java/lang/NoSuchMethodError'{0x00000000d5df8578}: 'java.lang.Object java.lang.invoke.Invokers$Holder.linkToTargetMethod(java.lang.Object, java.lang.Object, long, java.lang.Object)'> (0x00000000d5df8578) 
thrown [s\src\hotspot\share\interpreter\linkResolver.cpp, line 773]
Event: 5.332 Thread 0x000001a86c554590 Exception <a 'java/lang/IncompatibleClassChangeError'{0x00000000d5ef1cc0}: Found class java.lang.Object, but interface was expected> (0x00000000d5ef1cc0) 
thrown [s\src\hotspot\share\interpreter\linkResolver.cpp, line 840]
Event: 5.333 Thread 0x000001a86c554590 Exception <a 'java/lang/NoSuchMethodError'{0x00000000d5ef5880}: 'java.lang.Object java.lang.invoke.DirectMethodHandle$Holder.invokeSpecial(java.lang.Object, java.lang.Object, java.lang.Object, int, java.lang.Object, java.lang.Object)'> (0x00000000d5ef5880) 
thrown [s\src\hotspot\share\interpreter\linkResolver.cpp, line 773]
Event: 5.333 Thread 0x000001a86c554590 Exception <a 'java/lang/NoSuchMethodError'{0x00000000d5efd358}: 'java.lang.Object java.lang.invoke.DirectMethodHandle$Holder.newInvokeSpecial(java.lang.Object, java.lang.Object, java.lang.Object, int, java.lang.Object)'> (0x00000000d5efd358) 
thrown [s\src\hotspot\share\interpreter\linkResolver.cpp, line 773]
Event: 5.334 Thread 0x000001a86c554590 Exception <a 'java/lang/NoSuchMethodError'{0x00000000d5f0f370}: 'java.lang.Object java.lang.invoke.DirectMethodHandle$Holder.invokeSpecial(java.lang.Object, java.lang.Object, java.lang.Object, java.lang.Object, int, java.lang.Object)'> (0x00000000d5f0f370) 
thrown [s\src\hotspot\share\interpreter\linkResolver.cpp, line 773]
Event: 5.334 Thread 0x000001a86c554590 Exception <a 'java/lang/NoSuchMethodError'{0x00000000d5f12eb0}: 'java.lang.Object java.lang.invoke.Invokers$Holder.linkToTargetMethod(java.lang.Object, java.lang.Object, int, java.lang.Object, java.lang.Object)'> (0x00000000d5f12eb0) 
thrown [s\src\hotspot\share\interpreter\linkResolver.cpp, line 773]
Event: 5.335 Thread 0x000001a8493d69a0 Exception <a 'java/lang/NoSuchMethodError'{0x00000000d5e6efd8}: 'java.lang.Object java.lang.invoke.DirectMethodHandle$Holder.invokeSpecial(java.lang.Object, java.lang.Object, int, java.lang.Object, java.lang.Object)'> (0x00000000d5e6efd8) 
thrown [s\src\hotspot\share\interpreter\linkResolver.cpp, line 773]
Event: 5.336 Thread 0x000001a8493d69a0 Exception <a 'java/lang/NoSuchMethodError'{0x00000000d5e75d10}: 'java.lang.Object java.lang.invoke.DirectMethodHandle$Holder.newInvokeSpecial(java.lang.Object, java.lang.Object, int, java.lang.Object)'> (0x00000000d5e75d10) 
thrown [s\src\hotspot\share\interpreter\linkResolver.cpp, line 773]
Event: 5.336 Thread 0x000001a8493d69a0 Exception <a 'java/lang/NoSuchMethodError'{0x00000000d5e79630}: 'java.lang.Object java.lang.invoke.DirectMethodHandle$Holder.invokeSpecial(java.lang.Object, java.lang.Object, java.lang.Object, int, java.lang.Object)'> (0x00000000d5e79630) 
thrown [s\src\hotspot\share\interpreter\linkResolver.cpp, line 773]
Event: 5.360 Thread 0x000001a86c554590 Exception <a 'java/lang/NoSuchMethodError'{0x00000000d6059298}: 'void java.lang.invoke.DirectMethodHandle$Holder.invokeSpecial(java.lang.Object, java.lang.Object, java.lang.Object, java.lang.Object, java.lang.Object)'> (0x00000000d6059298) 
thrown [s\src\hotspot\share\interpreter\linkResolver.cpp, line 773]
Event: 5.417 Thread 0x000001a86c554590 Exception <a 'java/lang/NoSuchMethodError'{0x00000000d6244fb8}: 'double java.lang.invoke.DirectMethodHandle$Holder.invokeStatic(java.lang.Object, java.lang.Object)'> (0x00000000d6244fb8) 
thrown [s\src\hotspot\share\interpreter\linkResolver.cpp, line 773]
Event: 5.417 Thread 0x000001a86c554590 Exception <a 'java/lang/NoSuchMethodError'{0x00000000d6248678}: 'double java.lang.invoke.DirectMethodHandle$Holder.invokeStaticInit(java.lang.Object, java.lang.Object)'> (0x00000000d6248678) 
thrown [s\src\hotspot\share\interpreter\linkResolver.cpp, line 773]
Event: 5.595 Thread 0x000001a86c554590 Exception <a 'java/io/FileNotFoundException'{0x00000000d591bb98}> (0x00000000d591bb98) 
thrown [s\src\hotspot\share\prims\jni.cpp, line 520]
Event: 5.595 Thread 0x000001a86c554590 Exception <a 'java/io/FileNotFoundException'{0x00000000d591ca00}> (0x00000000d591ca00) 
thrown [s\src\hotspot\share\prims\jni.cpp, line 520]
Event: 5.595 Thread 0x000001a86c554590 Exception <a 'java/io/FileNotFoundException'{0x00000000d591d968}> (0x00000000d591d968) 
thrown [s\src\hotspot\share\prims\jni.cpp, line 520]
Event: 5.807 Thread 0x000001a86c554590 Exception <a 'java/lang/NoSuchMethodError'{0x00000000d6296d38}: 'int java.lang.invoke.DirectMethodHandle$Holder.invokeStaticInit(java.lang.Object, java.lang.Object, java.lang.Object)'> (0x00000000d6296d38) 
thrown [s\src\hotspot\share\interpreter\linkResolver.cpp, line 773]
Event: 5.879 Thread 0x000001a86c554590 Implicit null exception at 0x000001a87740fff5 to 0x000001a8774100e8
Event: 6.020 Thread 0x000001a86c554590 Exception <a 'java/io/FileNotFoundException'{0x00000000d5644118}> (0x00000000d5644118) 
thrown [s\src\hotspot\share\prims\jni.cpp, line 520]
Event: 6.021 Thread 0x000001a86c554590 Exception <a 'java/lang/NoSuchMethodError'{0x00000000d564b9c0}: 'java.lang.Object java.lang.invoke.DirectMethodHandle$Holder.newInvokeSpecial(java.lang.Object, int, java.lang.Object, java.lang.Object)'> (0x00000000d564b9c0) 
thrown [s\src\hotspot\share\interpreter\linkResolver.cpp, line 773]
Event: 6.092 Thread 0x000001a86c554590 Exception <a 'java/io/FileNotFoundException'{0x00000000d613dc40}> (0x00000000d613dc40) 
thrown [s\src\hotspot\share\prims\jni.cpp, line 520]

ZGC Phase Switch (0 events):
No events

VM Operations (20 events):
Event: 3.820 Executing VM operation: HandshakeAllThreads (Deoptimize)
Event: 3.820 Executing VM operation: HandshakeAllThreads (Deoptimize) done
Event: 4.820 Executing VM operation: Cleanup
Event: 4.831 Executing VM operation: Cleanup done
Event: 5.095 Executing VM operation: ParallelGCFailedAllocation (Allocation Failure)
Event: 5.100 Executing VM operation: ParallelGCFailedAllocation (Allocation Failure) done
Event: 5.202 Executing VM operation: HandshakeAllThreads (Deoptimize)
Event: 5.202 Executing VM operation: HandshakeAllThreads (Deoptimize) done
Event: 5.206 Executing VM operation: HandshakeAllThreads (Deoptimize)
Event: 5.206 Executing VM operation: HandshakeAllThreads (Deoptimize) done
Event: 5.222 Executing VM operation: HandshakeAllThreads (Deoptimize)
Event: 5.222 Executing VM operation: HandshakeAllThreads (Deoptimize) done
Event: 5.561 Executing VM operation: ParallelGCFailedAllocation (Allocation Failure)
Event: 5.567 Executing VM operation: ParallelGCFailedAllocation (Allocation Failure) done
Event: 6.015 Executing VM operation: ParallelGCFailedAllocation (Allocation Failure)
Event: 6.019 Executing VM operation: ParallelGCFailedAllocation (Allocation Failure) done
Event: 7.019 Executing VM operation: Cleanup
Event: 7.019 Executing VM operation: Cleanup done
Event: 8.019 Executing VM operation: Cleanup
Event: 8.019 Executing VM operation: Cleanup done

Memory protections (0 events):
No events

Nmethod flushes (0 events):
No events

Events (20 events):
Event: 0.077 Thread 0x000001a86a291010 Thread added: 0x000001a86c552b50
Event: 0.077 Thread 0x000001a86a291010 Thread added: 0x000001a86c55c930
Event: 0.078 Thread 0x000001a86a291010 Thread added: 0x000001a86c5965e0
Event: 0.115 Thread 0x000001a86a291010 Thread added: 0x000001a86c553f00
Event: 0.313 Thread 0x000001a86c55c930 Thread added: 0x000001a87fe48d40
Event: 0.452 Thread 0x000001a86a291010 Thread added: 0x000001a86c5552b0
Event: 1.774 Thread 0x000001a86a291010 Thread added: 0x000001a86c555940
Event: 2.110 Thread 0x000001a86a291010 Thread added: 0x000001a86c555fd0
Event: 2.118 Thread 0x000001a86a291010 Thread added: 0x000001a86c554590
Event: 2.185 Thread 0x000001a86c554590 Thread added: 0x000001a8493d5c80
Event: 2.315 Thread 0x000001a87fe48d40 Thread exited: 0x000001a87fe48d40
Event: 2.359 Thread 0x000001a86c554590 Thread added: 0x000001a8493d4f60
Event: 2.488 Thread 0x000001a86c55c930 Thread added: 0x000001a8495b8140
Event: 3.293 Thread 0x000001a8495b8140 Thread exited: 0x000001a8495b8140
Event: 3.828 Thread 0x000001a86c55c930 Thread added: 0x000001a8499ba480
Event: 4.875 Thread 0x000001a86c554590 Thread added: 0x000001a8493d6310
Event: 5.309 Thread 0x000001a86c554590 Thread added: 0x000001a8493d69a0
Event: 5.336 Thread 0x000001a86c554590 Thread added: 0x000001a8493d7030
Event: 5.338 Thread 0x000001a8499ba480 Thread exited: 0x000001a8499ba480
Event: 6.128 Thread 0x000001a86c5965e0 Thread added: 0x000001a84a661010


Dynamic libraries:
0x00007ff7aac80000 - 0x00007ff7aac8e000 	c:\Users\Leila\.vscode\extensions\redhat.java-1.45.0-win32-x64\jre\21.0.8-win32-x86_64\bin\java.exe
0x00007ff82ca00000 - 0x00007ff82cc67000 	C:\WINDOWS\SYSTEM32\ntdll.dll
0x00007ff82c1e0000 - 0x00007ff82c2a9000 	C:\WINDOWS\System32\KERNEL32.DLL
0x00007ff829f70000 - 0x00007ff82a360000 	C:\WINDOWS\System32\KERNELBASE.dll
0x00007ff829e20000 - 0x00007ff829f6b000 	C:\WINDOWS\System32\ucrtbase.dll
0x00007ff81e940000 - 0x00007ff81e958000 	c:\Users\Leila\.vscode\extensions\redhat.java-1.45.0-win32-x64\jre\21.0.8-win32-x86_64\bin\jli.dll
0x00007ff82ae80000 - 0x00007ff82b045000 	C:\WINDOWS\System32\USER32.dll
0x00007ff82a760000 - 0x00007ff82a787000 	C:\WINDOWS\System32\win32u.dll
0x00007ff82bda0000 - 0x00007ff82bdcb000 	C:\WINDOWS\System32\GDI32.dll
0x00007ff82a590000 - 0x00007ff82a6c8000 	C:\WINDOWS\System32\gdi32full.dll
0x00007ff829d70000 - 0x00007ff829e13000 	C:\WINDOWS\System32\msvcp_win.dll
0x00007ff81bb50000 - 0x00007ff81bb6e000 	c:\Users\Leila\.vscode\extensions\redhat.java-1.45.0-win32-x64\jre\21.0.8-win32-x86_64\bin\VCRUNTIME140.dll
0x00007ff80d500000 - 0x00007ff80d79a000 	C:\WINDOWS\WinSxS\amd64_microsoft.windows.common-controls_6595b64144ccf1df_6.0.26100.4768_none_3e0c112ce331287c\COMCTL32.dll
0x00007ff82c900000 - 0x00007ff82c9a9000 	C:\WINDOWS\System32\msvcrt.dll
0x00007ff82c870000 - 0x00007ff82c89f000 	C:\WINDOWS\System32\IMM32.DLL
0x000000006b9e0000 - 0x000000006b9ec000 	C:\Program Files (x86)\360\Total Security\safemon\SafeWrapper.dll
0x00007ff82bbc0000 - 0x00007ff82bc74000 	C:\WINDOWS\System32\ADVAPI32.dll
0x00007ff82bc80000 - 0x00007ff82bd26000 	C:\WINDOWS\System32\sechost.dll
0x00007ff82a8d0000 - 0x00007ff82a9e8000 	C:\WINDOWS\System32\RPCRT4.dll
0x00007ff816020000 - 0x00007ff8160cc000 	C:\Program Files (x86)\360\Total Security\safemon\libzdtp64.dll
0x00007ff82b470000 - 0x00007ff82bbbd000 	C:\WINDOWS\System32\SHELL32.dll
0x00007ff829bf0000 - 0x00007ff829d63000 	C:\WINDOWS\System32\wintypes.dll
0x00007ff82be50000 - 0x00007ff82c1d5000 	C:\WINDOWS\System32\combase.dll
0x00007ff82bd30000 - 0x00007ff82bd9a000 	C:\WINDOWS\System32\SHLWAPI.dll
0x00007ff829620000 - 0x00007ff82962b000 	C:\WINDOWS\SYSTEM32\VERSION.dll
0x00007ff81e7a0000 - 0x00007ff81e7ac000 	c:\Users\Leila\.vscode\extensions\redhat.java-1.45.0-win32-x64\jre\21.0.8-win32-x86_64\bin\vcruntime140_1.dll
0x00007ffff2ce0000 - 0x00007ffff2d6d000 	c:\Users\Leila\.vscode\extensions\redhat.java-1.45.0-win32-x64\jre\21.0.8-win32-x86_64\bin\msvcp140.dll
0x00007fff6b880000 - 0x00007fff6c617000 	c:\Users\Leila\.vscode\extensions\redhat.java-1.45.0-win32-x64\jre\21.0.8-win32-x86_64\bin\server\jvm.dll
0x00007ff82bdd0000 - 0x00007ff82be44000 	C:\WINDOWS\System32\WS2_32.dll
0x00007ff829990000 - 0x00007ff8299ee000 	C:\WINDOWS\SYSTEM32\POWRPROF.dll
0x00007ff80d8a0000 - 0x00007ff80d8d5000 	C:\WINDOWS\SYSTEM32\WINMM.dll
0x00007ff829970000 - 0x00007ff829984000 	C:\WINDOWS\SYSTEM32\UMPDC.dll
0x00007ff828820000 - 0x00007ff82883b000 	C:\WINDOWS\SYSTEM32\kernel.appcore.dll
0x00007ff81a500000 - 0x00007ff81a50a000 	c:\Users\Leila\.vscode\extensions\redhat.java-1.45.0-win32-x64\jre\21.0.8-win32-x86_64\bin\jimage.dll
0x00007ff827190000 - 0x00007ff8273d1000 	C:\WINDOWS\SYSTEM32\DBGHELP.DLL
0x00007ff82b1d0000 - 0x00007ff82b2b0000 	C:\WINDOWS\System32\OLEAUT32.dll
0x00007ff81a090000 - 0x00007ff81a0d3000 	C:\WINDOWS\SYSTEM32\dbgcore.DLL
0x00007ff82a370000 - 0x00007ff82a409000 	C:\WINDOWS\System32\bcryptPrimitives.dll
0x00007ff8161f0000 - 0x00007ff8161ff000 	c:\Users\Leila\.vscode\extensions\redhat.java-1.45.0-win32-x64\jre\21.0.8-win32-x86_64\bin\instrument.dll
0x00007ff804ba0000 - 0x00007ff804bbf000 	c:\Users\Leila\.vscode\extensions\redhat.java-1.45.0-win32-x64\jre\21.0.8-win32-x86_64\bin\java.dll
0x00007ff827680000 - 0x00007ff827ee0000 	C:\WINDOWS\SYSTEM32\windows.storage.dll
0x00007ff82b050000 - 0x00007ff82b145000 	C:\WINDOWS\System32\SHCORE.dll
0x00007ff829a50000 - 0x00007ff829a79000 	C:\WINDOWS\SYSTEM32\profapi.dll
0x00007ff8018a0000 - 0x00007ff8018b8000 	c:\Users\Leila\.vscode\extensions\redhat.java-1.45.0-win32-x64\jre\21.0.8-win32-x86_64\bin\zip.dll
0x00007ff815f50000 - 0x00007ff815f60000 	C:\Users\Leila\.vscode\extensions\redhat.java-1.45.0-win32-x64\jre\21.0.8-win32-x86_64\bin\net.dll
0x00007ff81b160000 - 0x00007ff81b27e000 	C:\WINDOWS\SYSTEM32\WINHTTP.dll
0x00007ff828dd0000 - 0x00007ff828e3b000 	C:\WINDOWS\system32\mswsock.dll
0x00007ffffd690000 - 0x00007ffffd6a6000 	C:\Users\Leila\.vscode\extensions\redhat.java-1.45.0-win32-x64\jre\21.0.8-win32-x86_64\bin\nio.dll
0x00007ff815cc0000 - 0x00007ff815cd0000 	c:\Users\Leila\.vscode\extensions\redhat.java-1.45.0-win32-x64\jre\21.0.8-win32-x86_64\bin\verify.dll
0x00007ffffbec0000 - 0x00007ffffbf04000 	C:\Users\Leila\AppData\Roaming\Code\User\globalStorage\redhat.java\1.45.0\config_ss_win\org.eclipse.equinox.launcher\org.eclipse.equinox.launcher.win32.win32.x86_64_1.2.1400.v20250801-0854\eclipse_11916.dll
0x00007ff82b2c0000 - 0x00007ff82b460000 	C:\WINDOWS\System32\ole32.dll
0x00007ff81ea80000 - 0x00007ff81ea8a000 	C:\Users\Leila\.vscode\extensions\redhat.java-1.45.0-win32-x64\jre\21.0.8-win32-x86_64\bin\management.dll
0x00007ff81e9d0000 - 0x00007ff81e9db000 	C:\Users\Leila\.vscode\extensions\redhat.java-1.45.0-win32-x64\jre\21.0.8-win32-x86_64\bin\management_ext.dll
0x00007ff82c640000 - 0x00007ff82c648000 	C:\WINDOWS\System32\PSAPI.DLL

JVMTI agents:
c:\Users\Leila\.vscode\extensions\redhat.java-1.45.0-win32-x64\lombok\lombok-1.18.39-4050.jar path:c:\Users\Leila\.vscode\extensions\redhat.java-1.45.0-win32-x64\jre\21.0.8-win32-x86_64\bin\instrument.dll, loaded, initialized, instrumentlib options:none

dbghelp: loaded successfully - version: 4.0.5 - missing functions: none
symbol engine: initialized successfully - sym options: 0x614 - pdb path: .;c:\Users\Leila\.vscode\extensions\redhat.java-1.45.0-win32-x64\jre\21.0.8-win32-x86_64\bin;C:\WINDOWS\SYSTEM32;C:\WINDOWS\WinSxS\amd64_microsoft.windows.common-controls_6595b64144ccf1df_6.0.26100.4768_none_3e0c112ce331287c;C:\Program Files (x86)\360\Total Security\safemon;c:\Users\Leila\.vscode\extensions\redhat.java-1.45.0-win32-x64\jre\21.0.8-win32-x86_64\bin\server;C:\Users\Leila\AppData\Roaming\Code\User\globalStorage\redhat.java\1.45.0\config_ss_win\org.eclipse.equinox.launcher\org.eclipse.equinox.launcher.win32.win32.x86_64_1.2.1400.v20250801-0854

VM Arguments:
jvm_args: --add-modules=ALL-SYSTEM --add-opens=java.base/java.util=ALL-UNNAMED --add-opens=java.base/java.lang=ALL-UNNAMED --add-opens=java.base/sun.nio.fs=ALL-UNNAMED -Declipse.application=org.eclipse.jdt.ls.core.id1 -Dosgi.bundles.defaultStartLevel=4 -Declipse.product=org.eclipse.jdt.ls.core.product -Djava.import.generatesMetadataFilesAtProjectRoot=false -DDetectVMInstallationsJob.disabled=true -Dfile.encoding=utf8 -XX:+UseParallelGC -XX:GCTimeRatio=4 -XX:AdaptiveSizePolicyWeight=90 -Dsun.zip.disableMemoryMapping=true -Xmx2G -Xms100m -Xlog:disable -javaagent:c:\Users\Leila\.vscode\extensions\redhat.java-1.45.0-win32-x64\lombok\lombok-1.18.39-4050.jar 
java_command: c:\Users\Leila\.vscode\extensions\redhat.java-1.45.0-win32-x64\server\plugins\org.eclipse.equinox.launcher_1.7.0.v20250519-0528.jar -configuration c:\Users\Leila\AppData\Roaming\Code\User\globalStorage\redhat.java\1.45.0\config_ss_win -data c:\Users\Leila\AppData\Roaming\Code\User\workspaceStorage\36d81dcf80ebafe64fa396641b16bef4\redhat.java\ss_ws --pipe=\\.\pipe\lsp-f15777bec1e203f449a904a5addaabb3-sock
java_class_path (initial): c:\Users\Leila\.vscode\extensions\redhat.java-1.45.0-win32-x64\server\plugins\org.eclipse.equinox.launcher_1.7.0.v20250519-0528.jar
Launcher Type: SUN_STANDARD

[Global flags]
    uintx AdaptiveSizePolicyWeight                 = 90                                        {product} {command line}
     intx CICompilerCount                          = 3                                         {product} {ergonomic}
    uintx GCTimeRatio                              = 4                                         {product} {command line}
   size_t InitialHeapSize                          = 104857600                                 {product} {command line}
   size_t MaxHeapSize                              = 2147483648                                {product} {command line}
   size_t MaxNewSize                               = 715653120                                 {product} {ergonomic}
   size_t MinHeapDeltaBytes                        = 524288                                    {product} {ergonomic}
   size_t MinHeapSize                              = 104857600                                 {product} {command line}
   size_t NewSize                                  = 34603008                                  {product} {ergonomic}
    uintx NonNMethodCodeHeapSize                   = 5832780                                {pd product} {ergonomic}
    uintx NonProfiledCodeHeapSize                  = 122912730                              {pd product} {ergonomic}
   size_t OldSize                                  = 70254592                                  {product} {ergonomic}
    uintx ProfiledCodeHeapSize                     = 122912730                              {pd product} {ergonomic}
    uintx ReservedCodeCacheSize                    = 251658240                              {pd product} {ergonomic}
     bool SegmentedCodeCache                       = true                                      {product} {ergonomic}
   size_t SoftMaxHeapSize                          = 2147483648                             {manageable} {ergonomic}
     bool UseCompressedOops                        = true                           {product lp64_product} {ergonomic}
     bool UseLargePagesIndividualAllocation        = false                                  {pd product} {ergonomic}
     bool UseParallelGC                            = true                                      {product} {command line}

Logging:
Log output configuration:
 #0: stdout all=off uptime,level,tags foldmultilines=false
 #1: stderr all=off uptime,level,tags foldmultilines=false

Environment Variables:
JAVA_HOME=C:\Program Files (x86)\Java\zulu17.58.21-ca-jdk17.0.15-win_x64\bin
PATH=C:\Program Files\PostgreSQL\17\bin;C:\Users\Leila\.console-ninja\.bin;C:\Program Files (x86)\Java\zulu17.58.21-ca-jdk17.0.15-win_x64\bin;C:\Users\Leila\AppData\Local\Programs\Microsoft VS Code\bin;
USERNAME=Leila
OS=Windows_NT
PROCESSOR_IDENTIFIER=Intel64 Family 6 Model 166 Stepping 0, GenuineIntel
TMP=C:\Users\Leila\AppData\Local\Temp
TEMP=C:\Users\Leila\AppData\Local\Temp




Periodic native trim disabled

---------------  S Y S T E M  ---------------

OS:
 Windows 11 , 64 bit Build 26100 (10.0.26100.4768)
OS uptime: 38 days 16:02 hours
Hyper-V role detected

CPU: total 4 (initial active 4) (2 cores per cpu, 2 threads per core) family 6 model 166 stepping 0 microcode 0xe0, cx8, cmov, fxsr, ht, mmx, 3dnowpref, sse, sse2, sse3, ssse3, sse4.1, sse4.2, popcnt, lzcnt, tsc, tscinvbit, avx, avx2, aes, erms, clmul, bmi1, bmi2, adx, fma, vzeroupper, clflush, clflushopt, hv, rdtscp, f16c
Processor Information for processor 0
  Max Mhz: 2592, Current Mhz: 2093, Mhz Limit: 2073
Processor Information for processor 1
  Max Mhz: 2592, Current Mhz: 2093, Mhz Limit: 2073
Processor Information for processor 2
  Max Mhz: 2592, Current Mhz: 2093, Mhz Limit: 2073
Processor Information for processor 3
  Max Mhz: 2592, Current Mhz: 1495, Mhz Limit: 2073

Memory: 4k page, system-wide physical 16198M (914M free)
TotalPageFile size 65350M (AvailPageFile size 114M)
current process WorkingSet (physical memory assigned to process): 146M, peak: 146M
current process commit charge ("private bytes"): 270M, peak: 270M

vm_info: OpenJDK 64-Bit Server VM (21.0.8+9-LTS) for windows-amd64 JRE (21.0.8+9-LTS), built on 2025-07-15T00:00:00Z by "admin" with MS VC++ 17.7 (VS2022)

END.
